receiving incremental file list
./
4.csv

sent 51 bytes  received 146 bytes  131.33 bytes/sec
total size is 41  speedup is 0.21
receiving incremental file list
./

sent 32 bytes  received 49 bytes  162.00 bytes/sec
total size is 0  speedup is 0.00
receiving incremental file list

sent 29 bytes  received 46 bytes  50.00 bytes/sec
total size is 0  speedup is 0.00
receiving incremental file list

sent 29 bytes  received 46 bytes  150.00 bytes/sec
total size is 0  speedup is 0.00
receiving incremental file list

sent 29 bytes  received 46 bytes  50.00 bytes/sec
total size is 0  speedup is 0.00
receiving incremental file list

sent 29 bytes  received 46 bytes  150.00 bytes/sec
total size is 0  speedup is 0.00
receiving incremental file list

sent 29 bytes  received 46 bytes  50.00 bytes/sec
total size is 0  speedup is 0.00
receiving incremental file list
./
5.csv

sent 51 bytes  received 137 bytes  376.00 bytes/sec
total size is 35  speedup is 0.19
receiving incremental file list
./

sent 32 bytes  received 49 bytes  54.00 bytes/sec
total size is 0  speedup is 0.00
receiving incremental file list

sent 29 bytes  received 46 bytes  150.00 bytes/sec
total size is 0  speedup is 0.00
receiving incremental file list

sent 29 bytes  received 46 bytes  50.00 bytes/sec
total size is 0  speedup is 0.00
receiving incremental file list

sent 29 bytes  received 46 bytes  150.00 bytes/sec
total size is 0  speedup is 0.00
receiving incremental file list

sent 29 bytes  received 46 bytes  50.00 bytes/sec
total size is 0  speedup is 0.00
receiving incremental file list

sent 29 bytes  received 46 bytes  50.00 bytes/sec
total size is 0  speedup is 0.00
receiving incremental file list

sent 29 bytes  received 46 bytes  150.00 bytes/sec
total size is 0  speedup is 0.00
receiving incremental file list

sent 29 bytes  received 46 bytes  150.00 bytes/sec
total size is 0  speedup is 0.00
receiving incremental file list

sent 29 bytes  received 46 bytes  50.00 bytes/sec
total size is 0  speedup is 0.00
receiving incremental file list

sent 29 bytes  received 46 bytes  150.00 bytes/sec
total size is 0  speedup is 0.00
receiving incremental file list

sent 29 bytes  received 46 bytes  50.00 bytes/sec
total size is 0  speedup is 0.00
receiving incremental file list

sent 29 bytes  received 46 bytes  50.00 bytes/sec
total size is 0  speedup is 0.00
receiving incremental file list

sent 29 bytes  received 46 bytes  150.00 bytes/sec
total size is 0  speedup is 0.00
receiving incremental file list

sent 29 bytes  received 46 bytes  50.00 bytes/sec
total size is 0  speedup is 0.00
receiving incremental file list

sent 29 bytes  received 46 bytes  50.00 bytes/sec
total size is 0  speedup is 0.00
receiving incremental file list

sent 29 bytes  received 46 bytes  150.00 bytes/sec
total size is 0  speedup is 0.00
receiving incremental file list

sent 29 bytes  received 46 bytes  50.00 bytes/sec
total size is 0  speedup is 0.00
receiving incremental file list

sent 29 bytes  received 46 bytes  150.00 bytes/sec
total size is 0  speedup is 0.00
receiving incremental file list

sent 29 bytes  received 46 bytes  50.00 bytes/sec
total size is 0  speedup is 0.00
receiving incremental file list

sent 29 bytes  received 46 bytes  50.00 bytes/sec
total size is 0  speedup is 0.00
receiving incremental file list

sent 29 bytes  received 46 bytes  150.00 bytes/sec
total size is 0  speedup is 0.00
receiving incremental file list

sent 29 bytes  received 46 bytes  50.00 bytes/sec
total size is 0  speedup is 0.00
receiving incremental file list

sent 29 bytes  received 46 bytes  150.00 bytes/sec
total size is 0  speedup is 0.00
receiving incremental file list

sent 29 bytes  received 46 bytes  50.00 bytes/sec
total size is 0  speedup is 0.00
receiving incremental file list

sent 29 bytes  received 46 bytes  50.00 bytes/sec
total size is 0  speedup is 0.00
receiving incremental file list

sent 29 bytes  received 46 bytes  150.00 bytes/sec
total size is 0  speedup is 0.00
receiving incremental file list

sent 29 bytes  received 46 bytes  50.00 bytes/sec
total size is 0  speedup is 0.00
receiving incremental file list

sent 29 bytes  received 46 bytes  50.00 bytes/sec
total size is 0  speedup is 0.00
receiving incremental file list

sent 29 bytes  received 46 bytes  150.00 bytes/sec
total size is 0  speedup is 0.00
receiving incremental file list

sent 29 bytes  received 46 bytes  50.00 bytes/sec
total size is 0  speedup is 0.00
receiving incremental file list

sent 29 bytes  received 46 bytes  150.00 bytes/sec
total size is 0  speedup is 0.00
receiving incremental file list

sent 29 bytes  received 46 bytes  50.00 bytes/sec
total size is 0  speedup is 0.00
receiving incremental file list

sent 29 bytes  received 46 bytes  30.00 bytes/sec
total size is 0  speedup is 0.00
receiving incremental file list

sent 29 bytes  received 46 bytes  150.00 bytes/sec
total size is 0  speedup is 0.00
receiving incremental file list

sent 29 bytes  received 46 bytes  50.00 bytes/sec
total size is 0  speedup is 0.00
receiving incremental file list

sent 29 bytes  received 46 bytes  150.00 bytes/sec
total size is 0  speedup is 0.00
receiving incremental file list

sent 29 bytes  received 46 bytes  50.00 bytes/sec
total size is 0  speedup is 0.00
receiving incremental file list

sent 29 bytes  received 46 bytes  50.00 bytes/sec
total size is 0  speedup is 0.00
receiving incremental file list

sent 29 bytes  received 46 bytes  150.00 bytes/sec
total size is 0  speedup is 0.00
receiving incremental file list

sent 29 bytes  received 46 bytes  50.00 bytes/sec
total size is 0  speedup is 0.00
receiving incremental file list

sent 29 bytes  received 46 bytes  150.00 bytes/sec
total size is 0  speedup is 0.00
receiving incremental file list

sent 29 bytes  received 46 bytes  50.00 bytes/sec
total size is 0  speedup is 0.00
receiving incremental file list

sent 29 bytes  received 46 bytes  50.00 bytes/sec
total size is 0  speedup is 0.00
receiving incremental file list

sent 29 bytes  received 46 bytes  150.00 bytes/sec
total size is 0  speedup is 0.00
receiving incremental file list

sent 29 bytes  received 46 bytes  50.00 bytes/sec
total size is 0  speedup is 0.00
receiving incremental file list

sent 29 bytes  received 46 bytes  150.00 bytes/sec
total size is 0  speedup is 0.00
receiving incremental file list

sent 29 bytes  received 46 bytes  50.00 bytes/sec
total size is 0  speedup is 0.00
receiving incremental file list

sent 29 bytes  received 46 bytes  50.00 bytes/sec
total size is 0  speedup is 0.00
receiving incremental file list

sent 29 bytes  received 46 bytes  50.00 bytes/sec
total size is 0  speedup is 0.00
receiving incremental file list

sent 29 bytes  received 46 bytes  150.00 bytes/sec
total size is 0  speedup is 0.00
receiving incremental file list

sent 29 bytes  received 46 bytes  50.00 bytes/sec
total size is 0  speedup is 0.00
receiving incremental file list

sent 29 bytes  received 46 bytes  150.00 bytes/sec
total size is 0  speedup is 0.00
receiving incremental file list

sent 29 bytes  received 46 bytes  150.00 bytes/sec
total size is 0  speedup is 0.00
receiving incremental file list

sent 29 bytes  received 46 bytes  50.00 bytes/sec
total size is 0  speedup is 0.00
receiving incremental file list

sent 29 bytes  received 46 bytes  150.00 bytes/sec
total size is 0  speedup is 0.00
receiving incremental file list

sent 29 bytes  received 46 bytes  50.00 bytes/sec
total size is 0  speedup is 0.00
receiving incremental file list

sent 29 bytes  received 46 bytes  150.00 bytes/sec
total size is 0  speedup is 0.00
receiving incremental file list

sent 29 bytes  received 46 bytes  50.00 bytes/sec
total size is 0  speedup is 0.00
receiving incremental file list

sent 29 bytes  received 46 bytes  50.00 bytes/sec
total size is 0  speedup is 0.00
receiving incremental file list

sent 29 bytes  received 46 bytes  150.00 bytes/sec
total size is 0  speedup is 0.00
receiving incremental file list

sent 29 bytes  received 46 bytes  50.00 bytes/sec
total size is 0  speedup is 0.00
receiving incremental file list

sent 29 bytes  received 46 bytes  150.00 bytes/sec
total size is 0  speedup is 0.00
receiving incremental file list

sent 29 bytes  received 46 bytes  50.00 bytes/sec
total size is 0  speedup is 0.00
receiving incremental file list

sent 29 bytes  received 46 bytes  50.00 bytes/sec
total size is 0  speedup is 0.00
receiving incremental file list

sent 29 bytes  received 46 bytes  150.00 bytes/sec
total size is 0  speedup is 0.00
receiving incremental file list

sent 29 bytes  received 46 bytes  50.00 bytes/sec
total size is 0  speedup is 0.00
receiving incremental file list

sent 29 bytes  received 46 bytes  50.00 bytes/sec
total size is 0  speedup is 0.00
receiving incremental file list

sent 29 bytes  received 46 bytes  150.00 bytes/sec
total size is 0  speedup is 0.00
receiving incremental file list

sent 29 bytes  received 46 bytes  50.00 bytes/sec
total size is 0  speedup is 0.00
receiving incremental file list

sent 29 bytes  received 46 bytes  150.00 bytes/sec
total size is 0  speedup is 0.00
receiving incremental file list

sent 29 bytes  received 46 bytes  50.00 bytes/sec
total size is 0  speedup is 0.00
